#
# There is insufficient memory for the Java Runtime Environment to continue.
# Native memory allocation (malloc) failed to allocate 1219856 bytes for Chunk::new
# Possible reasons:
#   The system is out of physical RAM or swap space
#   The process is running with CompressedOops enabled, and the Java Heap may be blocking the growth of the native heap
# Possible solutions:
#   Reduce memory load on the system
#   Increase physical memory or swap space
#   Check if swap backing store is full
#   Decrease Java heap size (-Xmx/-Xms)
#   Decrease number of Java threads
#   Decrease Java thread stack sizes (-Xss)
#   Set larger code cache with -XX:ReservedCodeCacheSize=
#   JVM is running with Unscaled Compressed Oops mode in which the Java heap is
#     placed in the first 4GB address space. The Java Heap base address is the
#     maximum limit for the native heap growth. Please use -XX:HeapBaseMinAddress
#     to set the Java Heap base and to place the Java Heap above 4GB virtual address.
# This output file may be truncated or incomplete.
#
#  Out of Memory Error (./src/hotspot/share/memory/arena.cpp:197), pid=16644, tid=8736
#
# JRE version: OpenJDK Runtime Environment (11.0.12+7) (build 11.0.12+7-b1504.28-7817840)
# Java VM: OpenJDK 64-Bit Server VM (11.0.12+7-b1504.28-7817840, mixed mode, tiered, compressed oops, g1 gc, windows-amd64)
# No core dump will be written. Minidumps are not enabled by default on client versions of Windows
#

---------------  S U M M A R Y ------------

Command Line: --add-opens=java.base/java.util=ALL-UNNAMED --add-opens=java.base/java.lang=ALL-UNNAMED --add-opens=java.base/java.lang.invoke=ALL-UNNAMED --add-opens=java.base/java.util=ALL-UNNAMED --add-opens=java.prefs/java.util.prefs=ALL-UNNAMED --add-opens=java.prefs/java.util.prefs=ALL-UNNAMED --add-opens=java.base/java.nio.charset=ALL-UNNAMED --add-opens=java.base/java.net=ALL-UNNAMED --add-opens=java.base/java.util.concurrent.atomic=ALL-UNNAMED -Xmx2048m -Dfile.encoding=UTF-8 -Duser.country=US -Duser.language=en -Duser.variant org.gradle.launcher.daemon.bootstrap.GradleDaemon 7.3.3

Host: Intel(R) Core(TM) i5-6300U CPU @ 2.40GHz, 4 cores, 7G,  Windows 10 , 64 bit Build 19041 (10.0.19041.1706)
Time: Mon Jun  6 10:21:48 2022 Pakistan Standard Time elapsed time: 15.550334 seconds (0d 0h 0m 15s)

---------------  T H R E A D  ---------------

Current thread (0x000001bc64837800):  JavaThread "C2 CompilerThread0" daemon [_thread_in_native, id=8736, stack(0x0000003bd7100000,0x0000003bd7200000)]


Current CompileTask:
C2:  15550 6335       4       sun.reflect.generics.parser.SignatureParser::parsePackageNameAndSimpleClassTypeSignature (119 bytes)

Stack: [0x0000003bd7100000,0x0000003bd7200000]
Native frames: (J=compiled Java code, j=interpreted, Vv=VM code, C=native code)
V  [jvm.dll+0x5fbcea]
V  [jvm.dll+0x731905]
V  [jvm.dll+0x732f1d]
V  [jvm.dll+0x7335d3]
V  [jvm.dll+0x247bf8]
V  [jvm.dll+0xc018c]
V  [jvm.dll+0xc06cc]
V  [jvm.dll+0x35b31d]
V  [jvm.dll+0x19cebc]
V  [jvm.dll+0x20070e]
V  [jvm.dll+0x1ff794]
V  [jvm.dll+0x18868c]
V  [jvm.dll+0x20e0d7]
V  [jvm.dll+0x20c901]
V  [jvm.dll+0x6f9b7f]
V  [jvm.dll+0x6f26a5]
V  [jvm.dll+0x5fabf6]
C  [ucrtbase.dll+0x21bb2]
C  [KERNEL32.DLL+0x17034]
C  [ntdll.dll+0x52651]


---------------  P R O C E S S  ---------------

Threads class SMR info:
_java_thread_list=0x000001bc6a189aa0, length=79, elements={
0x000001bc4a46a800, 0x000001bc6480c800, 0x000001bc6480e000, 0x000001bc651b3800,
0x000001bc64829000, 0x000001bc6482b800, 0x000001bc64837800, 0x000001bc64839000,
0x000001bc6483a000, 0x000001bc652f5000, 0x000001bc67aa1800, 0x000001bc6606d800,
0x000001bc66130000, 0x000001bc67575000, 0x000001bc67550000, 0x000001bc670fc800,
0x000001bc67319000, 0x000001bc67458800, 0x000001bc65d87000, 0x000001bc67a7e000,
0x000001bc67a78800, 0x000001bc67a7f000, 0x000001bc67a7b800, 0x000001bc67a79000,
0x000001bc67a7a000, 0x000001bc67a7b000, 0x000001bc67a7c800, 0x000001bc67a7d000,
0x000001bc66754800, 0x000001bc66755000, 0x000001bc66757000, 0x000001bc66751000,
0x000001bc66753800, 0x000001bc66757800, 0x000001bc66752000, 0x000001bc6675d800,
0x000001bc6675b000, 0x000001bc6675e000, 0x000001bc6675b800, 0x000001bc66759000,
0x000001bc6675c800, 0x000001bc66758800, 0x000001bc6675f000, 0x000001bc6675a000,
0x000001bc656e1000, 0x000001bc656e0800, 0x000001bc656df800, 0x000001bc656e2000,
0x000001bc656dc800, 0x000001bc656e3000, 0x000001bc656dd000, 0x000001bc656de000,
0x000001bc656e3800, 0x000001bc656e4800, 0x000001bc656de800, 0x000001bc656e7000,
0x000001bc656e5000, 0x000001bc656e9800, 0x000001bc656ea000, 0x000001bc656eb000,
0x000001bc656e6000, 0x000001bc656e7800, 0x000001bc656e8800, 0x000001bc6a889000,
0x000001bc6a889800, 0x000001bc6a88b800, 0x000001bc6a88a800, 0x000001bc6a88c000,
0x000001bc6a888000, 0x000001bc6a88e800, 0x000001bc6a88d000, 0x000001bc6a892000,
0x000001bc6a891000, 0x000001bc6a88f800, 0x000001bc6a892800, 0x000001bc6a890000,
0x000001bc6a893800, 0x000001bc67acb000, 0x000001bc6a88e000
}

Java Threads: ( => current thread )
  0x000001bc4a46a800 JavaThread "main" [_thread_blocked, id=8868, stack(0x0000003bd6500000,0x0000003bd6600000)]
  0x000001bc6480c800 JavaThread "Reference Handler" daemon [_thread_blocked, id=5780, stack(0x0000003bd6c00000,0x0000003bd6d00000)]
  0x000001bc6480e000 JavaThread "Finalizer" daemon [_thread_blocked, id=4400, stack(0x0000003bd6d00000,0x0000003bd6e00000)]
  0x000001bc651b3800 JavaThread "Signal Dispatcher" daemon [_thread_blocked, id=10496, stack(0x0000003bd6e00000,0x0000003bd6f00000)]
  0x000001bc64829000 JavaThread "Attach Listener" daemon [_thread_blocked, id=8692, stack(0x0000003bd6f00000,0x0000003bd7000000)]
  0x000001bc6482b800 JavaThread "Service Thread" daemon [_thread_blocked, id=10264, stack(0x0000003bd7000000,0x0000003bd7100000)]
=>0x000001bc64837800 JavaThread "C2 CompilerThread0" daemon [_thread_in_native, id=8736, stack(0x0000003bd7100000,0x0000003bd7200000)]
  0x000001bc64839000 JavaThread "C1 CompilerThread0" daemon [_thread_blocked, id=16604, stack(0x0000003bd7200000,0x0000003bd7300000)]
  0x000001bc6483a000 JavaThread "Sweeper thread" daemon [_thread_blocked, id=13860, stack(0x0000003bd7300000,0x0000003bd7400000)]
  0x000001bc652f5000 JavaThread "Common-Cleaner" daemon [_thread_blocked, id=9716, stack(0x0000003bd7400000,0x0000003bd7500000)]
  0x000001bc67aa1800 JavaThread "Daemon health stats" [_thread_blocked, id=11088, stack(0x0000003bd7900000,0x0000003bd7a00000)]
  0x000001bc6606d800 JavaThread "Incoming local TCP Connector on port 61926" [_thread_in_native, id=4616, stack(0x0000003bd7600000,0x0000003bd7700000)]
  0x000001bc66130000 JavaThread "Daemon periodic checks" [_thread_blocked, id=11228, stack(0x0000003bd7a00000,0x0000003bd7b00000)]
  0x000001bc67575000 JavaThread "Daemon" [_thread_blocked, id=5056, stack(0x0000003bd7b00000,0x0000003bd7c00000)]
  0x000001bc67550000 JavaThread "Handler for socket connection from /127.0.0.1:61926 to /127.0.0.1:61927" [_thread_in_native, id=19260, stack(0x0000003bd7c00000,0x0000003bd7d00000)]
  0x000001bc670fc800 JavaThread "Cancel handler" [_thread_blocked, id=16244, stack(0x0000003bd7d00000,0x0000003bd7e00000)]
  0x000001bc67319000 JavaThread "Daemon worker" [_thread_in_Java, id=13916, stack(0x0000003bd7e00000,0x0000003bd7f00000)]
  0x000001bc67458800 JavaThread "Asynchronous log dispatcher for DefaultDaemonConnection: socket connection from /127.0.0.1:61926 to /127.0.0.1:61927" [_thread_blocked, id=10380, stack(0x0000003bd8000000,0x0000003bd8100000)]
  0x000001bc65d87000 JavaThread "Stdin handler" [_thread_blocked, id=18716, stack(0x0000003bd8100000,0x0000003bd8200000)]
  0x000001bc67a7e000 JavaThread "Daemon client event forwarder" [_thread_blocked, id=4864, stack(0x0000003bd8200000,0x0000003bd8300000)]
  0x000001bc67a78800 JavaThread "Cache worker for journal cache (C:\Users\DEll\.gradle\caches\journal-1)" [_thread_blocked, id=14732, stack(0x0000003bd8400000,0x0000003bd8500000)]
  0x000001bc67a7f000 JavaThread "File lock request listener" [_thread_in_native, id=16148, stack(0x0000003bd8500000,0x0000003bd8600000)]
  0x000001bc67a7b800 JavaThread "Cache worker for file hash cache (C:\Users\DEll\.gradle\caches\7.3.3\fileHashes)" [_thread_blocked, id=9320, stack(0x0000003bd8600000,0x0000003bd8700000)]
  0x000001bc67a79000 JavaThread "Cache worker for file hash cache (C:\Users\DEll\Desktop\Mydir\ASSIGNMENT#2\MyLearningApp\.gradle\7.3.3\fileHashes)" [_thread_blocked, id=12496, stack(0x0000003bd8700000,0x0000003bd8800000)]
  0x000001bc67a7a000 JavaThread "File watcher server" daemon [_thread_in_native, id=6740, stack(0x0000003bd8800000,0x0000003bd8900000)]
  0x000001bc67a7b000 JavaThread "File watcher consumer" daemon [_thread_blocked, id=884, stack(0x0000003bd8900000,0x0000003bd8a00000)]
  0x000001bc67a7c800 JavaThread "Cache worker for checksums cache (C:\Users\DEll\Desktop\Mydir\ASSIGNMENT#2\MyLearningApp\.gradle\7.3.3\checksums)" [_thread_blocked, id=17932, stack(0x0000003bd8a00000,0x0000003bd8b00000)]
  0x000001bc67a7d000 JavaThread "Cache worker for cache directory md-supplier (C:\Users\DEll\.gradle\caches\7.3.3\md-supplier)" [_thread_blocked, id=3016, stack(0x0000003bd8b00000,0x0000003bd8c00000)]
  0x000001bc66754800 JavaThread "Cache worker for cache directory md-rule (C:\Users\DEll\.gradle\caches\7.3.3\md-rule)" [_thread_blocked, id=17352, stack(0x0000003bd8c00000,0x0000003bd8d00000)]
  0x000001bc66755000 JavaThread "Cache worker for execution history cache (C:\Users\DEll\.gradle\caches\7.3.3\executionHistory)" [_thread_blocked, id=14512, stack(0x0000003bd8d00000,0x0000003bd8e00000)]
  0x000001bc66757000 JavaThread "jar transforms" [_thread_blocked, id=9204, stack(0x0000003bd8e00000,0x0000003bd8f00000)]
  0x000001bc66751000 JavaThread "Cache worker for file content cache (C:\Users\DEll\.gradle\caches\7.3.3\fileContent)" [_thread_blocked, id=8128, stack(0x0000003bd8f00000,0x0000003bd9000000)]
  0x000001bc66753800 JavaThread "jar transforms Thread 2" [_thread_blocked, id=2872, stack(0x0000003bd9000000,0x0000003bd9100000)]
  0x000001bc66757800 JavaThread "Cache worker for dependencies-accessors (C:\Users\DEll\Desktop\Mydir\ASSIGNMENT#2\MyLearningApp\.gradle\7.3.3\dependencies-accessors)" [_thread_blocked, id=16856, stack(0x0000003bd9100000,0x0000003bd9200000)]
  0x000001bc66752000 JavaThread "jar transforms Thread 3" [_thread_blocked, id=6232, stack(0x0000003bd9200000,0x0000003bd9300000)]
  0x000001bc6675d800 JavaThread "Cache worker for Build Output Cleanup Cache (C:\Users\DEll\Desktop\Mydir\ASSIGNMENT#2\MyLearningApp\.gradle\buildOutputCleanup)" [_thread_blocked, id=9524, stack(0x0000003bd9300000,0x0000003bd9400000)]
  0x000001bc6675b000 JavaThread "Unconstrained build operations" [_thread_blocked, id=17884, stack(0x0000003bd9400000,0x0000003bd9500000)]
  0x000001bc6675e000 JavaThread "Unconstrained build operations Thread 2" [_thread_blocked, id=11820, stack(0x0000003bd9500000,0x0000003bd9600000)]
  0x000001bc6675b800 JavaThread "Unconstrained build operations Thread 3" [_thread_blocked, id=10444, stack(0x0000003bd9600000,0x0000003bd9700000)]
  0x000001bc66759000 JavaThread "Unconstrained build operations Thread 4" [_thread_blocked, id=18196, stack(0x0000003bd9700000,0x0000003bd9800000)]
  0x000001bc6675c800 JavaThread "Unconstrained build operations Thread 5" [_thread_blocked, id=16672, stack(0x0000003bd9800000,0x0000003bd9900000)]
  0x000001bc66758800 JavaThread "Unconstrained build operations Thread 6" [_thread_blocked, id=8920, stack(0x0000003bd9900000,0x0000003bd9a00000)]
  0x000001bc6675f000 JavaThread "Unconstrained build operations Thread 7" [_thread_blocked, id=3600, stack(0x0000003bd9a00000,0x0000003bd9b00000)]
  0x000001bc6675a000 JavaThread "Unconstrained build operations Thread 8" [_thread_blocked, id=13824, stack(0x0000003bd9b00000,0x0000003bd9c00000)]
  0x000001bc656e1000 JavaThread "Unconstrained build operations Thread 9" [_thread_blocked, id=17948, stack(0x0000003bd9c00000,0x0000003bd9d00000)]
  0x000001bc656e0800 JavaThread "Unconstrained build operations Thread 10" [_thread_blocked, id=18108, stack(0x0000003bd9d00000,0x0000003bd9e00000)]
  0x000001bc656df800 JavaThread "Unconstrained build operations Thread 11" [_thread_blocked, id=12588, stack(0x0000003bd9e00000,0x0000003bd9f00000)]
  0x000001bc656e2000 JavaThread "Unconstrained build operations Thread 12" [_thread_blocked, id=15672, stack(0x0000003bd9f00000,0x0000003bda000000)]
  0x000001bc656dc800 JavaThread "Unconstrained build operations Thread 13" [_thread_blocked, id=1336, stack(0x0000003bda000000,0x0000003bda100000)]
  0x000001bc656e3000 JavaThread "Unconstrained build operations Thread 14" [_thread_blocked, id=17456, stack(0x0000003bda100000,0x0000003bda200000)]
  0x000001bc656dd000 JavaThread "Unconstrained build operations Thread 15" [_thread_blocked, id=2732, stack(0x0000003bda200000,0x0000003bda300000)]
  0x000001bc656de000 JavaThread "Unconstrained build operations Thread 16" [_thread_blocked, id=3420, stack(0x0000003bda300000,0x0000003bda400000)]
  0x000001bc656e3800 JavaThread "Unconstrained build operations Thread 17" [_thread_blocked, id=11780, stack(0x0000003bda400000,0x0000003bda500000)]
  0x000001bc656e4800 JavaThread "Unconstrained build operations Thread 18" [_thread_blocked, id=12852, stack(0x0000003bda500000,0x0000003bda600000)]
  0x000001bc656de800 JavaThread "Unconstrained build operations Thread 19" [_thread_blocked, id=1936, stack(0x0000003bda600000,0x0000003bda700000)]
  0x000001bc656e7000 JavaThread "Unconstrained build operations Thread 20" [_thread_blocked, id=7632, stack(0x0000003bda700000,0x0000003bda800000)]
  0x000001bc656e5000 JavaThread "Unconstrained build operations Thread 21" [_thread_blocked, id=17008, stack(0x0000003bda800000,0x0000003bda900000)]
  0x000001bc656e9800 JavaThread "Unconstrained build operations Thread 22" [_thread_blocked, id=8452, stack(0x0000003bda900000,0x0000003bdaa00000)]
  0x000001bc656ea000 JavaThread "Unconstrained build operations Thread 23" [_thread_blocked, id=14828, stack(0x0000003bdaa00000,0x0000003bdab00000)]
  0x000001bc656eb000 JavaThread "Unconstrained build operations Thread 24" [_thread_blocked, id=2760, stack(0x0000003bdab00000,0x0000003bdac00000)]
  0x000001bc656e6000 JavaThread "Unconstrained build operations Thread 25" [_thread_blocked, id=8640, stack(0x0000003bdac00000,0x0000003bdad00000)]
  0x000001bc656e7800 JavaThread "Unconstrained build operations Thread 26" [_thread_blocked, id=19124, stack(0x0000003bdad00000,0x0000003bdae00000)]
  0x000001bc656e8800 JavaThread "Unconstrained build operations Thread 27" [_thread_blocked, id=6276, stack(0x0000003bdae00000,0x0000003bdaf00000)]
  0x000001bc6a889000 JavaThread "Unconstrained build operations Thread 28" [_thread_blocked, id=4496, stack(0x0000003bdaf00000,0x0000003bdb000000)]
  0x000001bc6a889800 JavaThread "Unconstrained build operations Thread 29" [_thread_blocked, id=6372, stack(0x0000003bdb000000,0x0000003bdb100000)]
  0x000001bc6a88b800 JavaThread "Unconstrained build operations Thread 30" [_thread_blocked, id=7836, stack(0x0000003bdb100000,0x0000003bdb200000)]
  0x000001bc6a88a800 JavaThread "Unconstrained build operations Thread 31" [_thread_blocked, id=8208, stack(0x0000003bdb200000,0x0000003bdb300000)]
  0x000001bc6a88c000 JavaThread "Unconstrained build operations Thread 32" [_thread_blocked, id=10948, stack(0x0000003bdb300000,0x0000003bdb400000)]
  0x000001bc6a888000 JavaThread "Unconstrained build operations Thread 33" [_thread_blocked, id=15608, stack(0x0000003bdb400000,0x0000003bdb500000)]
  0x000001bc6a88e800 JavaThread "Unconstrained build operations Thread 34" [_thread_blocked, id=15960, stack(0x0000003bdb500000,0x0000003bdb600000)]
  0x000001bc6a88d000 JavaThread "Unconstrained build operations Thread 35" [_thread_blocked, id=19412, stack(0x0000003bdb600000,0x0000003bdb700000)]
  0x000001bc6a892000 JavaThread "Unconstrained build operations Thread 36" [_thread_blocked, id=13932, stack(0x0000003bdb700000,0x0000003bdb800000)]
  0x000001bc6a891000 JavaThread "Unconstrained build operations Thread 37" [_thread_blocked, id=6116, stack(0x0000003bdb800000,0x0000003bdb900000)]
  0x000001bc6a88f800 JavaThread "Unconstrained build operations Thread 38" [_thread_blocked, id=15884, stack(0x0000003bdb900000,0x0000003bdba00000)]
  0x000001bc6a892800 JavaThread "Unconstrained build operations Thread 39" [_thread_blocked, id=19336, stack(0x0000003bdba00000,0x0000003bdbb00000)]
  0x000001bc6a890000 JavaThread "Unconstrained build operations Thread 40" [_thread_blocked, id=10440, stack(0x0000003bdbb00000,0x0000003bdbc00000)]
  0x000001bc6a893800 JavaThread "jar transforms Thread 4" [_thread_blocked, id=14708, stack(0x0000003bdbc00000,0x0000003bdbd00000)]
  0x000001bc67acb000 JavaThread "C2 CompilerThread1" daemon [_thread_in_native, id=1096, stack(0x0000003bd7f00000,0x0000003bd8000000)]
  0x000001bc6a88e000 JavaThread "Memory manager" [_thread_blocked, id=2384, stack(0x0000003bdbd00000,0x0000003bdbe00000)]

Other Threads:
  0x000001bc64808800 VMThread "VM Thread" [stack: 0x0000003bd6b00000,0x0000003bd6c00000] [id=18960]
  0x000001bc6531f800 WatcherThread [stack: 0x0000003bd7500000,0x0000003bd7600000] [id=4724]
  0x000001bc4a483000 GCTaskThread "GC Thread#0" [stack: 0x0000003bd6600000,0x0000003bd6700000] [id=4912]
  0x000001bc65912000 GCTaskThread "GC Thread#1" [stack: 0x0000003bd7700000,0x0000003bd7800000] [id=12828]
  0x000001bc658b8000 GCTaskThread "GC Thread#2" [stack: 0x0000003bd7800000,0x0000003bd7900000] [id=3592]
  0x000001bc673c0000 GCTaskThread "GC Thread#3" [stack: 0x0000003bd8300000,0x0000003bd8400000] [id=3820]
  0x000001bc4a4b4000 ConcurrentGCThread "G1 Main Marker" [stack: 0x0000003bd6700000,0x0000003bd6800000] [id=2864]
  0x000001bc4a4b6000 ConcurrentGCThread "G1 Conc#0" [stack: 0x0000003bd6800000,0x0000003bd6900000] [id=10168]
  0x000001bc4a542800 ConcurrentGCThread "G1 Refine#0" [stack: 0x0000003bd6900000,0x0000003bd6a00000] [id=1064]
  0x000001bc4a543800 ConcurrentGCThread "G1 Young RemSet Sampling" [stack: 0x0000003bd6a00000,0x0000003bd6b00000] [id=18560]

Threads with active compile tasks:
C2 CompilerThread0  15599 6335       4       sun.reflect.generics.parser.SignatureParser::parsePackageNameAndSimpleClassTypeSignature (119 bytes)
C1 CompilerThread0  15599 6511       1       com.android.tools.build.jetifier.core.pom.PomRewriteRule::getFrom (5 bytes)
C2 CompilerThread1  15599 6464       4       com.google.gson.stream.JsonReader::nextQuotedValue (271 bytes)

VM state:not at safepoint (normal execution)

VM Mutex/Monitor currently owned by a thread:  ([mutex/lock_event])
[0x000001bc4a4668c0] Patching_lock - owner thread: 0x0000000000000000

Heap address: 0x0000000080000000, size: 2048 MB, Compressed Oops mode: 32-bit
Narrow klass base: 0x0000000000000000, Narrow klass shift: 3
Compressed class space size: 1073741824 Address: 0x0000000100000000

Heap:
 garbage-first heap   total 187392K, used 110779K [0x0000000080000000, 0x0000000100000000)
  region size 1024K, 68 young (69632K), 3 survivors (3072K)
 Metaspace       used 64902K, capacity 66456K, committed 66636K, reserved 1107968K
  class space    used 8235K, capacity 8832K, committed 8832K, reserved 1048576K
Heap Regions: E=young(eden), S=young(survivor), O=old, HS=humongous(starts), HC=humongous(continues), CS=collection set, F=free, A=archive, TAMS=top-at-mark-start (previous, next)
|   0|0x0000000080000000, 0x0000000080100000, 0x0000000080100000|100%| O|  |TAMS 0x0000000080100000, 0x0000000080000000| Untracked 
|   1|0x0000000080100000, 0x0000000080200000, 0x0000000080200000|100%| O|  |TAMS 0x0000000080200000, 0x0000000080100000| Untracked 
|   2|0x0000000080200000, 0x0000000080300000, 0x0000000080300000|100%| O|  |TAMS 0x0000000080300000, 0x0000000080200000| Untracked 
|   3|0x0000000080300000, 0x0000000080400000, 0x0000000080400000|100%|HS|  |TAMS 0x0000000080400000, 0x0000000080300000| Complete 
|   4|0x0000000080400000, 0x0000000080500000, 0x0000000080500000|100%|HC|  |TAMS 0x0000000080500000, 0x0000000080400000| Complete 
|   5|0x0000000080500000, 0x0000000080600000, 0x0000000080600000|100%|HC|  |TAMS 0x0000000080600000, 0x0000000080500000| Complete 
|   6|0x0000000080600000, 0x0000000080700000, 0x0000000080700000|100%| O|  |TAMS 0x0000000080700000, 0x0000000080600000| Untracked 
|   7|0x0000000080700000, 0x0000000080800000, 0x0000000080800000|100%| O|  |TAMS 0x0000000080800000, 0x0000000080700000| Untracked 
|   8|0x0000000080800000, 0x0000000080900000, 0x0000000080900000|100%| O|  |TAMS 0x0000000080900000, 0x0000000080800000| Untracked 
|   9|0x0000000080900000, 0x0000000080a00000, 0x0000000080a00000|100%| O|  |TAMS 0x0000000080a00000, 0x0000000080900000| Untracked 
|  10|0x0000000080a00000, 0x0000000080b00000, 0x0000000080b00000|100%| O|  |TAMS 0x0000000080b00000, 0x0000000080a00000| Untracked 
|  11|0x0000000080b00000, 0x0000000080c00000, 0x0000000080c00000|100%| O|  |TAMS 0x0000000080c00000, 0x0000000080b00000| Untracked 
|  12|0x0000000080c00000, 0x0000000080d00000, 0x0000000080d00000|100%| O|  |TAMS 0x0000000080d00000, 0x0000000080c00000| Untracked 
|  13|0x0000000080d00000, 0x0000000080e00000, 0x0000000080e00000|100%| O|  |TAMS 0x0000000080e00000, 0x0000000080d00000| Untracked 
|  14|0x0000000080e00000, 0x0000000080f00000, 0x0000000080f00000|100%| O|  |TAMS 0x0000000080f00000, 0x0000000080e00000| Untracked 
|  15|0x0000000080f00000, 0x0000000081000000, 0x0000000081000000|100%| O|  |TAMS 0x0000000081000000, 0x0000000080f00000| Untracked 
|  16|0x0000000081000000, 0x0000000081100000, 0x0000000081100000|100%|HS|  |TAMS 0x0000000081100000, 0x0000000081000000| Complete 
|  17|0x0000000081100000, 0x0000000081200000, 0x0000000081200000|100%| O|  |TAMS 0x0000000081200000, 0x0000000081100000| Untracked 
|  18|0x0000000081200000, 0x0000000081300000, 0x0000000081300000|100%| O|  |TAMS 0x0000000081300000, 0x0000000081200000| Untracked 
|  19|0x0000000081300000, 0x0000000081400000, 0x0000000081400000|100%| O|  |TAMS 0x0000000081400000, 0x0000000081300000| Untracked 
|  20|0x0000000081400000, 0x0000000081500000, 0x0000000081500000|100%| O|  |TAMS 0x0000000081500000, 0x0000000081400000| Untracked 
|  21|0x0000000081500000, 0x0000000081600000, 0x0000000081600000|100%| O|  |TAMS 0x0000000081600000, 0x0000000081500000| Untracked 
|  22|0x0000000081600000, 0x0000000081700000, 0x0000000081700000|100%| O|  |TAMS 0x0000000081700000, 0x0000000081600000| Untracked 
|  23|0x0000000081700000, 0x0000000081800000, 0x0000000081800000|100%| O|  |TAMS 0x0000000081800000, 0x0000000081700000| Untracked 
|  24|0x0000000081800000, 0x0000000081900000, 0x0000000081900000|100%| O|  |TAMS 0x0000000081900000, 0x0000000081800000| Untracked 
|  25|0x0000000081900000, 0x0000000081a00000, 0x0000000081a00000|100%| O|  |TAMS 0x0000000081a00000, 0x0000000081900000| Untracked 
|  26|0x0000000081a00000, 0x0000000081b00000, 0x0000000081b00000|100%| O|  |TAMS 0x0000000081b00000, 0x0000000081a00000| Untracked 
|  27|0x0000000081b00000, 0x0000000081c00000, 0x0000000081c00000|100%| O|  |TAMS 0x0000000081c00000, 0x0000000081b00000| Untracked 
|  28|0x0000000081c00000, 0x0000000081d00000, 0x0000000081d00000|100%|HS|  |TAMS 0x0000000081d00000, 0x0000000081c00000| Complete 
|  29|0x0000000081d00000, 0x0000000081e00000, 0x0000000081e00000|100%|HS|  |TAMS 0x0000000081e00000, 0x0000000081d00000| Complete 
|  30|0x0000000081e00000, 0x0000000081f00000, 0x0000000081f00000|100%|HC|  |TAMS 0x0000000081f00000, 0x0000000081e00000| Complete 
|  31|0x0000000081f00000, 0x0000000082000000, 0x0000000082000000|100%| O|  |TAMS 0x0000000082000000, 0x0000000081f00000| Untracked 
|  32|0x0000000082000000, 0x0000000082100000, 0x0000000082100000|100%| O|  |TAMS 0x0000000082100000, 0x0000000082000000| Untracked 
|  33|0x0000000082100000, 0x0000000082200000, 0x0000000082200000|100%| O|  |TAMS 0x0000000082200000, 0x0000000082100000| Untracked 
|  34|0x0000000082200000, 0x0000000082300000, 0x0000000082300000|100%| O|  |TAMS 0x0000000082300000, 0x0000000082200000| Untracked 
|  35|0x0000000082300000, 0x0000000082400000, 0x0000000082400000|100%| O|  |TAMS 0x0000000082400000, 0x0000000082300000| Untracked 
|  36|0x0000000082400000, 0x0000000082500000, 0x0000000082500000|100%| O|  |TAMS 0x0000000082500000, 0x0000000082400000| Untracked 
|  37|0x0000000082500000, 0x0000000082600000, 0x0000000082600000|100%| O|  |TAMS 0x0000000082600000, 0x0000000082500000| Untracked 
|  38|0x0000000082600000, 0x0000000082700000, 0x0000000082700000|100%| O|  |TAMS 0x0000000082700000, 0x0000000082600000| Untracked 
|  39|0x0000000082700000, 0x0000000082800000, 0x0000000082800000|100%| O|  |TAMS 0x0000000082800000, 0x0000000082700000| Untracked 
|  40|0x0000000082800000, 0x0000000082900000, 0x0000000082900000|100%| O|  |TAMS 0x0000000082900000, 0x0000000082800000| Untracked 
|  41|0x0000000082900000, 0x00000000829d6800, 0x0000000082a00000| 83%| O|  |TAMS 0x00000000829d6800, 0x0000000082900000| Untracked 
|  42|0x0000000082a00000, 0x0000000082b00000, 0x0000000082b00000|100%|HS|  |TAMS 0x0000000082a00000, 0x0000000082a00000| Complete 
|  43|0x0000000082b00000, 0x0000000082b00000, 0x0000000082c00000|  0%| F|  |TAMS 0x0000000082b00000, 0x0000000082b00000| Untracked 
|  44|0x0000000082c00000, 0x0000000082c00000, 0x0000000082d00000|  0%| F|  |TAMS 0x0000000082c00000, 0x0000000082c00000| Untracked 
|  45|0x0000000082d00000, 0x0000000082d00000, 0x0000000082e00000|  0%| F|  |TAMS 0x0000000082d00000, 0x0000000082d00000| Untracked 
|  46|0x0000000082e00000, 0x0000000082e00000, 0x0000000082f00000|  0%| F|  |TAMS 0x0000000082e00000, 0x0000000082e00000| Untracked 
|  47|0x0000000082f00000, 0x0000000082f00000, 0x0000000083000000|  0%| F|  |TAMS 0x0000000082f00000, 0x0000000082f00000| Untracked 
|  48|0x0000000083000000, 0x0000000083000000, 0x0000000083100000|  0%| F|  |TAMS 0x0000000083000000, 0x0000000083000000| Untracked 
|  49|0x0000000083100000, 0x0000000083100000, 0x0000000083200000|  0%| F|  |TAMS 0x0000000083100000, 0x0000000083100000| Untracked 
|  50|0x0000000083200000, 0x0000000083200000, 0x0000000083300000|  0%| F|  |TAMS 0x0000000083200000, 0x0000000083200000| Untracked 
|  51|0x0000000083300000, 0x0000000083300000, 0x0000000083400000|  0%| F|  |TAMS 0x0000000083300000, 0x0000000083300000| Untracked 
|  52|0x0000000083400000, 0x0000000083400000, 0x0000000083500000|  0%| F|  |TAMS 0x0000000083400000, 0x0000000083400000| Untracked 
|  53|0x0000000083500000, 0x0000000083500000, 0x0000000083600000|  0%| F|  |TAMS 0x0000000083500000, 0x0000000083500000| Untracked 
|  54|0x0000000083600000, 0x0000000083600000, 0x0000000083700000|  0%| F|  |TAMS 0x0000000083600000, 0x0000000083600000| Untracked 
|  55|0x0000000083700000, 0x0000000083700000, 0x0000000083800000|  0%| F|  |TAMS 0x0000000083700000, 0x0000000083700000| Untracked 
|  56|0x0000000083800000, 0x0000000083800000, 0x0000000083900000|  0%| F|  |TAMS 0x0000000083800000, 0x0000000083800000| Untracked 
|  57|0x0000000083900000, 0x0000000083900000, 0x0000000083a00000|  0%| F|  |TAMS 0x0000000083900000, 0x0000000083900000| Untracked 
|  58|0x0000000083a00000, 0x0000000083a00000, 0x0000000083b00000|  0%| F|  |TAMS 0x0000000083a00000, 0x0000000083a00000| Untracked 
|  59|0x0000000083b00000, 0x0000000083b00000, 0x0000000083c00000|  0%| F|  |TAMS 0x0000000083b00000, 0x0000000083b00000| Untracked 
|  60|0x0000000083c00000, 0x0000000083c00000, 0x0000000083d00000|  0%| F|  |TAMS 0x0000000083c00000, 0x0000000083c00000| Untracked 
|  61|0x0000000083d00000, 0x0000000083d00000, 0x0000000083e00000|  0%| F|  |TAMS 0x0000000083d00000, 0x0000000083d00000| Untracked 
|  62|0x0000000083e00000, 0x0000000083e00000, 0x0000000083f00000|  0%| F|  |TAMS 0x0000000083e00000, 0x0000000083e00000| Untracked 
|  63|0x0000000083f00000, 0x0000000083f00000, 0x0000000084000000|  0%| F|  |TAMS 0x0000000083f00000, 0x0000000083f00000| Untracked 
|  64|0x0000000084000000, 0x0000000084000000, 0x0000000084100000|  0%| F|  |TAMS 0x0000000084000000, 0x0000000084000000| Untracked 
|  65|0x0000000084100000, 0x0000000084100000, 0x0000000084200000|  0%| F|  |TAMS 0x0000000084100000, 0x0000000084100000| Untracked 
|  66|0x0000000084200000, 0x0000000084200000, 0x0000000084300000|  0%| F|  |TAMS 0x0000000084200000, 0x0000000084200000| Untracked 
|  67|0x0000000084300000, 0x0000000084300000, 0x0000000084400000|  0%| F|  |TAMS 0x0000000084300000, 0x0000000084300000| Untracked 
|  68|0x0000000084400000, 0x0000000084400000, 0x0000000084500000|  0%| F|  |TAMS 0x0000000084400000, 0x0000000084400000| Untracked 
|  69|0x0000000084500000, 0x0000000084500000, 0x0000000084600000|  0%| F|  |TAMS 0x0000000084500000, 0x0000000084500000| Untracked 
|  70|0x0000000084600000, 0x0000000084600000, 0x0000000084700000|  0%| F|  |TAMS 0x0000000084600000, 0x0000000084600000| Untracked 
|  71|0x0000000084700000, 0x0000000084700000, 0x0000000084800000|  0%| F|  |TAMS 0x0000000084700000, 0x0000000084700000| Untracked 
|  72|0x0000000084800000, 0x0000000084800000, 0x0000000084900000|  0%| F|  |TAMS 0x0000000084800000, 0x0000000084800000| Untracked 
|  73|0x0000000084900000, 0x0000000084900000, 0x0000000084a00000|  0%| F|  |TAMS 0x0000000084900000, 0x0000000084900000| Untracked 
|  74|0x0000000084a00000, 0x0000000084a00000, 0x0000000084b00000|  0%| F|  |TAMS 0x0000000084a00000, 0x0000000084a00000| Untracked 
|  75|0x0000000084b00000, 0x0000000084b00000, 0x0000000084c00000|  0%| F|  |TAMS 0x0000000084b00000, 0x0000000084b00000| Untracked 
|  76|0x0000000084c00000, 0x0000000084c00000, 0x0000000084d00000|  0%| F|  |TAMS 0x0000000084c00000, 0x0000000084c00000| Untracked 
|  77|0x0000000084d00000, 0x0000000084d00000, 0x0000000084e00000|  0%| F|  |TAMS 0x0000000084d00000, 0x0000000084d00000| Untracked 
|  78|0x0000000084e00000, 0x0000000084e00000, 0x0000000084f00000|  0%| F|  |TAMS 0x0000000084e00000, 0x0000000084e00000| Untracked 
|  79|0x0000000084f00000, 0x0000000084f00000, 0x0000000085000000|  0%| F|  |TAMS 0x0000000084f00000, 0x0000000084f00000| Untracked 
|  80|0x0000000085000000, 0x0000000085000000, 0x0000000085100000|  0%| F|  |TAMS 0x0000000085000000, 0x0000000085000000| Untracked 
|  81|0x0000000085100000, 0x0000000085100000, 0x0000000085200000|  0%| F|  |TAMS 0x0000000085100000, 0x0000000085100000| Untracked 
|  82|0x0000000085200000, 0x0000000085200000, 0x0000000085300000|  0%| F|  |TAMS 0x0000000085200000, 0x0000000085200000| Untracked 
|  83|0x0000000085300000, 0x0000000085300000, 0x0000000085400000|  0%| F|  |TAMS 0x0000000085300000, 0x0000000085300000| Untracked 
|  84|0x0000000085400000, 0x0000000085400000, 0x0000000085500000|  0%| F|  |TAMS 0x0000000085400000, 0x0000000085400000| Untracked 
|  85|0x0000000085500000, 0x0000000085500000, 0x0000000085600000|  0%| F|  |TAMS 0x0000000085500000, 0x0000000085500000| Untracked 
|  86|0x0000000085600000, 0x0000000085600000, 0x0000000085700000|  0%| F|  |TAMS 0x0000000085600000, 0x0000000085600000| Untracked 
|  87|0x0000000085700000, 0x0000000085700000, 0x0000000085800000|  0%| F|  |TAMS 0x0000000085700000, 0x0000000085700000| Untracked 
|  88|0x0000000085800000, 0x0000000085800000, 0x0000000085900000|  0%| F|  |TAMS 0x0000000085800000, 0x0000000085800000| Untracked 
|  89|0x0000000085900000, 0x0000000085900000, 0x0000000085a00000|  0%| F|  |TAMS 0x0000000085900000, 0x0000000085900000| Untracked 
|  90|0x0000000085a00000, 0x0000000085a00000, 0x0000000085b00000|  0%| F|  |TAMS 0x0000000085a00000, 0x0000000085a00000| Untracked 
|  91|0x0000000085b00000, 0x0000000085b00000, 0x0000000085c00000|  0%| F|  |TAMS 0x0000000085b00000, 0x0000000085b00000| Untracked 
|  92|0x0000000085c00000, 0x0000000085c00000, 0x0000000085d00000|  0%| F|  |TAMS 0x0000000085c00000, 0x0000000085c00000| Untracked 
|  93|0x0000000085d00000, 0x0000000085d00000, 0x0000000085e00000|  0%| F|  |TAMS 0x0000000085d00000, 0x0000000085d00000| Untracked 
|  94|0x0000000085e00000, 0x0000000085e00000, 0x0000000085f00000|  0%| F|  |TAMS 0x0000000085e00000, 0x0000000085e00000| Untracked 
|  95|0x0000000085f00000, 0x0000000085f00000, 0x0000000086000000|  0%| F|  |TAMS 0x0000000085f00000, 0x0000000085f00000| Untracked 
|  96|0x0000000086000000, 0x0000000086000000, 0x0000000086100000|  0%| F|  |TAMS 0x0000000086000000, 0x0000000086000000| Untracked 
|  97|0x0000000086100000, 0x0000000086100000, 0x0000000086200000|  0%| F|  |TAMS 0x0000000086100000, 0x0000000086100000| Untracked 
|  98|0x0000000086200000, 0x0000000086200000, 0x0000000086300000|  0%| F|  |TAMS 0x0000000086200000, 0x0000000086200000| Untracked 
|  99|0x0000000086300000, 0x0000000086300000, 0x0000000086400000|  0%| F|  |TAMS 0x0000000086300000, 0x0000000086300000| Untracked 
| 100|0x0000000086400000, 0x0000000086400000, 0x0000000086500000|  0%| F|  |TAMS 0x0000000086400000, 0x0000000086400000| Untracked 
| 101|0x0000000086500000, 0x0000000086500000, 0x0000000086600000|  0%| F|  |TAMS 0x0000000086500000, 0x0000000086500000| Untracked 
| 102|0x0000000086600000, 0x0000000086600000, 0x0000000086700000|  0%| F|  |TAMS 0x0000000086600000, 0x0000000086600000| Untracked 
| 103|0x0000000086700000, 0x0000000086700000, 0x0000000086800000|  0%| F|  |TAMS 0x0000000086700000, 0x0000000086700000| Untracked 
| 104|0x0000000086800000, 0x0000000086800000, 0x0000000086900000|  0%| F|  |TAMS 0x0000000086800000, 0x0000000086800000| Untracked 
| 105|0x0000000086900000, 0x0000000086900000, 0x0000000086a00000|  0%| F|  |TAMS 0x0000000086900000, 0x0000000086900000| Untracked 
| 106|0x0000000086a00000, 0x0000000086a00000, 0x0000000086b00000|  0%| F|  |TAMS 0x0000000086a00000, 0x0000000086a00000| Untracked 
| 107|0x0000000086b00000, 0x0000000086b00000, 0x0000000086c00000|  0%| F|  |TAMS 0x0000000086b00000, 0x0000000086b00000| Untracked 
| 108|0x0000000086c00000, 0x0000000086c00000, 0x0000000086d00000|  0%| F|  |TAMS 0x0000000086c00000, 0x0000000086c00000| Untracked 
| 109|0x0000000086d00000, 0x0000000086d00000, 0x0000000086e00000|  0%| F|  |TAMS 0x0000000086d00000, 0x0000000086d00000| Untracked 
| 110|0x0000000086e00000, 0x0000000086e00000, 0x0000000086f00000|  0%| F|  |TAMS 0x0000000086e00000, 0x0000000086e00000| Untracked 
| 111|0x0000000086f00000, 0x0000000086f00000, 0x0000000087000000|  0%| F|  |TAMS 0x0000000086f00000, 0x0000000086f00000| Untracked 
| 112|0x0000000087000000, 0x0000000087000000, 0x0000000087100000|  0%| F|  |TAMS 0x0000000087000000, 0x0000000087000000| Untracked 
| 113|0x0000000087100000, 0x0000000087100000, 0x0000000087200000|  0%| F|  |TAMS 0x0000000087100000, 0x0000000087100000| Untracked 
| 114|0x0000000087200000, 0x0000000087200000, 0x0000000087300000|  0%| F|  |TAMS 0x0000000087200000, 0x0000000087200000| Untracked 
| 115|0x0000000087300000, 0x0000000087400000, 0x0000000087400000|100%| E|  |TAMS 0x0000000087300000, 0x0000000087300000| Complete 
| 116|0x0000000087400000, 0x0000000087500000, 0x0000000087500000|100%| E|CS|TAMS 0x0000000087400000, 0x0000000087400000| Complete 
| 117|0x0000000087500000, 0x0000000087600000, 0x0000000087600000|100%| E|CS|TAMS 0x0000000087500000, 0x0000000087500000| Complete 
| 118|0x0000000087600000, 0x0000000087700000, 0x0000000087700000|100%| E|CS|TAMS 0x0000000087600000, 0x0000000087600000| Complete 
| 119|0x0000000087700000, 0x0000000087800000, 0x0000000087800000|100%| E|  |TAMS 0x0000000087700000, 0x0000000087700000| Complete 
| 120|0x0000000087800000, 0x0000000087900000, 0x0000000087900000|100%| E|CS|TAMS 0x0000000087800000, 0x0000000087800000| Complete 
| 121|0x0000000087900000, 0x0000000087a00000, 0x0000000087a00000|100%| E|CS|TAMS 0x0000000087900000, 0x0000000087900000| Complete 
| 122|0x0000000087a00000, 0x0000000087b00000, 0x0000000087b00000|100%| E|CS|TAMS 0x0000000087a00000, 0x0000000087a00000| Complete 
| 123|0x0000000087b00000, 0x0000000087c00000, 0x0000000087c00000|100%| E|CS|TAMS 0x0000000087b00000, 0x0000000087b00000| Complete 
| 124|0x0000000087c00000, 0x0000000087d00000, 0x0000000087d00000|100%| E|CS|TAMS 0x0000000087c00000, 0x0000000087c00000| Complete 
| 125|0x0000000087d00000, 0x0000000087e00000, 0x0000000087e00000|100%| E|CS|TAMS 0x0000000087d00000, 0x0000000087d00000| Complete 
| 126|0x0000000087e00000, 0x0000000087f00000, 0x0000000087f00000|100%| E|CS|TAMS 0x0000000087e00000, 0x0000000087e00000| Complete 
| 127|0x0000000087f00000, 0x0000000088000000, 0x0000000088000000|100%| E|CS|TAMS 0x0000000087f00000, 0x0000000087f00000| Complete 
| 128|0x0000000088000000, 0x0000000088100000, 0x0000000088100000|100%| E|CS|TAMS 0x0000000088000000, 0x0000000088000000| Complete 
| 129|0x0000000088100000, 0x0000000088200000, 0x0000000088200000|100%| E|CS|TAMS 0x0000000088100000, 0x0000000088100000| Complete 
| 130|0x0000000088200000, 0x0000000088258598, 0x0000000088300000| 34%| S|CS|TAMS 0x0000000088200000, 0x0000000088200000| Complete 
| 131|0x0000000088300000, 0x0000000088400000, 0x0000000088400000|100%| S|CS|TAMS 0x0000000088300000, 0x0000000088300000| Complete 
| 132|0x0000000088400000, 0x0000000088500000, 0x0000000088500000|100%| S|CS|TAMS 0x0000000088400000, 0x0000000088400000| Complete 
| 133|0x0000000088500000, 0x0000000088600000, 0x0000000088600000|100%| E|CS|TAMS 0x0000000088500000, 0x0000000088500000| Complete 
| 134|0x0000000088600000, 0x0000000088700000, 0x0000000088700000|100%| E|CS|TAMS 0x0000000088600000, 0x0000000088600000| Complete 
| 135|0x0000000088700000, 0x0000000088800000, 0x0000000088800000|100%| E|CS|TAMS 0x0000000088700000, 0x0000000088700000| Complete 
| 136|0x0000000088800000, 0x0000000088900000, 0x0000000088900000|100%| E|CS|TAMS 0x0000000088800000, 0x0000000088800000| Complete 
| 137|0x0000000088900000, 0x0000000088a00000, 0x0000000088a00000|100%| E|CS|TAMS 0x0000000088900000, 0x0000000088900000| Complete 
| 138|0x0000000088a00000, 0x0000000088b00000, 0x0000000088b00000|100%| E|CS|TAMS 0x0000000088a00000, 0x0000000088a00000| Complete 
| 139|0x0000000088b00000, 0x0000000088c00000, 0x0000000088c00000|100%| E|CS|TAMS 0x0000000088b00000, 0x0000000088b00000| Complete 
| 140|0x0000000088c00000, 0x0000000088d00000, 0x0000000088d00000|100%| E|CS|TAMS 0x0000000088c00000, 0x0000000088c00000| Complete 
| 141|0x0000000088d00000, 0x0000000088e00000, 0x0000000088e00000|100%| E|CS|TAMS 0x0000000088d00000, 0x0000000088d00000| Complete 
| 142|0x0000000088e00000, 0x0000000088f00000, 0x0000000088f00000|100%| E|CS|TAMS 0x0000000088e00000, 0x0000000088e00000| Complete 
| 143|0x0000000088f00000, 0x0000000089000000, 0x0000000089000000|100%| E|CS|TAMS 0x0000000088f00000, 0x0000000088f00000| Complete 
| 144|0x0000000089000000, 0x0000000089100000, 0x0000000089100000|100%| E|CS|TAMS 0x0000000089000000, 0x0000000089000000| Complete 
| 145|0x0000000089100000, 0x0000000089200000, 0x0000000089200000|100%| E|CS|TAMS 0x0000000089100000, 0x0000000089100000| Complete 
| 146|0x0000000089200000, 0x0000000089300000, 0x0000000089300000|100%| E|CS|TAMS 0x0000000089200000, 0x0000000089200000| Complete 
| 147|0x0000000089300000, 0x0000000089400000, 0x0000000089400000|100%| E|CS|TAMS 0x0000000089300000, 0x0000000089300000| Complete 
| 148|0x0000000089400000, 0x0000000089500000, 0x0000000089500000|100%| E|CS|TAMS 0x0000000089400000, 0x0000000089400000| Complete 
| 149|0x0000000089500000, 0x0000000089600000, 0x0000000089600000|100%| E|CS|TAMS 0x0000000089500000, 0x0000000089500000| Complete 
| 150|0x0000000089600000, 0x0000000089700000, 0x0000000089700000|100%| E|CS|TAMS 0x0000000089600000, 0x0000000089600000| Complete 
| 151|0x0000000089700000, 0x0000000089800000, 0x0000000089800000|100%| E|CS|TAMS 0x0000000089700000, 0x0000000089700000| Complete 
| 152|0x0000000089800000, 0x0000000089900000, 0x0000000089900000|100%| E|CS|TAMS 0x0000000089800000, 0x0000000089800000| Complete 
| 153|0x0000000089900000, 0x0000000089a00000, 0x0000000089a00000|100%| E|CS|TAMS 0x0000000089900000, 0x0000000089900000| Complete 
| 154|0x0000000089a00000, 0x0000000089b00000, 0x0000000089b00000|100%| E|CS|TAMS 0x0000000089a00000, 0x0000000089a00000| Complete 
| 155|0x0000000089b00000, 0x0000000089c00000, 0x0000000089c00000|100%| E|CS|TAMS 0x0000000089b00000, 0x0000000089b00000| Complete 
| 156|0x0000000089c00000, 0x0000000089d00000, 0x0000000089d00000|100%| E|CS|TAMS 0x0000000089c00000, 0x0000000089c00000| Complete 
| 157|0x0000000089d00000, 0x0000000089e00000, 0x0000000089e00000|100%| E|CS|TAMS 0x0000000089d00000, 0x0000000089d00000| Complete 
| 158|0x0000000089e00000, 0x0000000089f00000, 0x0000000089f00000|100%| E|CS|TAMS 0x0000000089e00000, 0x0000000089e00000| Complete 
| 159|0x0000000089f00000, 0x000000008a000000, 0x000000008a000000|100%| E|CS|TAMS 0x0000000089f00000, 0x0000000089f00000| Complete 
| 160|0x000000008a000000, 0x000000008a100000, 0x000000008a100000|100%| E|CS|TAMS 0x000000008a000000, 0x000000008a000000| Complete 
| 161|0x000000008a100000, 0x000000008a200000, 0x000000008a200000|100%| E|CS|TAMS 0x000000008a100000, 0x000000008a100000| Complete 
| 162|0x000000008a200000, 0x000000008a300000, 0x000000008a300000|100%| E|CS|TAMS 0x000000008a200000, 0x000000008a200000| Complete 
| 163|0x000000008a300000, 0x000000008a400000, 0x000000008a400000|100%| E|CS|TAMS 0x000000008a300000, 0x000000008a300000| Complete 
| 164|0x000000008a400000, 0x000000008a500000, 0x000000008a500000|100%| E|CS|TAMS 0x000000008a400000, 0x000000008a400000| Complete 
| 165|0x000000008a500000, 0x000000008a600000, 0x000000008a600000|100%| E|CS|TAMS 0x000000008a500000, 0x000000008a500000| Complete 
| 166|0x000000008a600000, 0x000000008a700000, 0x000000008a700000|100%| E|CS|TAMS 0x000000008a600000, 0x000000008a600000| Complete 
| 167|0x000000008a700000, 0x000000008a800000, 0x000000008a800000|100%| E|CS|TAMS 0x000000008a700000, 0x000000008a700000| Complete 
| 168|0x000000008a800000, 0x000000008a900000, 0x000000008a900000|100%| E|CS|TAMS 0x000000008a800000, 0x000000008a800000| Complete 
| 169|0x000000008a900000, 0x000000008aa00000, 0x000000008aa00000|100%| E|CS|TAMS 0x000000008a900000, 0x000000008a900000| Complete 
| 170|0x000000008aa00000, 0x000000008ab00000, 0x000000008ab00000|100%| E|CS|TAMS 0x000000008aa00000, 0x000000008aa00000| Complete 
| 171|0x000000008ab00000, 0x000000008ac00000, 0x000000008ac00000|100%| E|CS|TAMS 0x000000008ab00000, 0x000000008ab00000| Complete 
| 172|0x000000008ac00000, 0x000000008ad00000, 0x000000008ad00000|100%| E|CS|TAMS 0x000000008ac00000, 0x000000008ac00000| Complete 
| 173|0x000000008ad00000, 0x000000008ae00000, 0x000000008ae00000|100%| E|CS|TAMS 0x000000008ad00000, 0x000000008ad00000| Complete 
| 174|0x000000008ae00000, 0x000000008af00000, 0x000000008af00000|100%| E|CS|TAMS 0x000000008ae00000, 0x000000008ae00000| Complete 
| 175|0x000000008af00000, 0x000000008b000000, 0x000000008b000000|100%| E|CS|TAMS 0x000000008af00000, 0x000000008af00000| Complete 
| 176|0x000000008b000000, 0x000000008b100000, 0x000000008b100000|100%| E|CS|TAMS 0x000000008b000000, 0x000000008b000000| Complete 
| 177|0x000000008b100000, 0x000000008b200000, 0x000000008b200000|100%| E|CS|TAMS 0x000000008b100000, 0x000000008b100000| Complete 
| 178|0x000000008b200000, 0x000000008b300000, 0x000000008b300000|100%| E|CS|TAMS 0x000000008b200000, 0x000000008b200000| Complete 
| 179|0x000000008b300000, 0x000000008b400000, 0x000000008b400000|100%| E|CS|TAMS 0x000000008b300000, 0x000000008b300000| Complete 
| 180|0x000000008b400000, 0x000000008b500000, 0x000000008b500000|100%| E|CS|TAMS 0x000000008b400000, 0x000000008b400000| Complete 
| 181|0x000000008b500000, 0x000000008b600000, 0x000000008b600000|100%| E|CS|TAMS 0x000000008b500000, 0x000000008b500000| Complete 
| 182|0x000000008b600000, 0x000000008b700000, 0x000000008b700000|100%| E|CS|TAMS 0x000000008b600000, 0x000000008b600000| Complete 

Card table byte_map: [0x000001bc5d9d0000,0x000001bc5ddd0000] _byte_map_base: 0x000001bc5d5d0000

Marking Bits (Prev, Next): (CMBitMap*) 0x000001bc4a4aaff0, (CMBitMap*) 0x000001bc4a4aafb8
 Prev Bits: [0x000001bc601d0000, 0x000001bc621d0000)
 Next Bits: [0x000001bc5e1d0000, 0x000001bc601d0000)

Polling page: 0x000001bc4a550000

Metaspace:

Usage:
  Non-class:     56.34 MB capacity,    55.38 MB ( 98%) used,   808.65 KB (  1%) free+waste,   166.19 KB ( <1%) overhead. 
      Class:      8.63 MB capacity,     8.05 MB ( 93%) used,   511.89 KB (  6%) free+waste,    77.69 KB ( <1%) overhead. 
       Both:     64.96 MB capacity,    63.43 MB ( 98%) used,     1.29 MB (  2%) free+waste,   243.88 KB ( <1%) overhead. 

Virtual space:
  Non-class space:       58.00 MB reserved,      56.45 MB ( 97%) committed 
      Class space:        1.00 GB reserved,       8.63 MB ( <1%) committed 
             Both:        1.06 GB reserved,      65.07 MB (  6%) committed 

Chunk freelists:
   Non-Class:  52.00 KB
       Class:  0 bytes
        Both:  52.00 KB

MaxMetaspaceSize: 17179869184.00 GB
CompressedClassSpaceSize: 1.00 GB
Initial GC threshold: 20.80 MB
Current GC threshold: 99.17 MB
CDS: off

CodeHeap 'non-profiled nmethods': size=120064Kb used=3793Kb max_used=3793Kb free=116270Kb
 bounds [0x000001bc55a60000, 0x000001bc55e20000, 0x000001bc5cfa0000]
CodeHeap 'profiled nmethods': size=120000Kb used=13933Kb max_used=13933Kb free=106066Kb
 bounds [0x000001bc4e530000, 0x000001bc4f2d0000, 0x000001bc55a60000]
CodeHeap 'non-nmethods': size=5696Kb used=2344Kb max_used=2378Kb free=3351Kb
 bounds [0x000001bc4dfa0000, 0x000001bc4e210000, 0x000001bc4e530000]
 total_blobs=7343 nmethods=6491 adapters=764
 compilation: enabled
              stopped_count=0, restarted_count=0
 full_count=0

Compilation events (20 events):
Event: 15.541 Thread 0x000001bc64839000 nmethod 6459 0x000001bc4f298a90 code [0x000001bc4f299620, 0x000001bc4f29f2a8]
Event: 15.541 Thread 0x000001bc64839000 6460       3       com.google.gson.stream.JsonReader::hasNext (30 bytes)
Event: 15.542 Thread 0x000001bc64839000 nmethod 6460 0x000001bc4f2a1210 code [0x000001bc4f2a13e0, 0x000001bc4f2a1668]
Event: 15.542 Thread 0x000001bc64839000 6462       3       com.google.gson.stream.JsonReader::peek (144 bytes)
Event: 15.542 Thread 0x000001bc64839000 nmethod 6462 0x000001bc4f2a1710 code [0x000001bc4f2a1900, 0x000001bc4f2a1eb8]
Event: 15.542 Thread 0x000001bc64839000 6473   !   3       com.google.gson.internal.bind.ReflectiveTypeAdapterFactory$Adapter::read (116 bytes)
Event: 15.543 Thread 0x000001bc64839000 nmethod 6473 0x000001bc4f2a2010 code [0x000001bc4f2a22c0, 0x000001bc4f2a2f98]
Event: 15.543 Thread 0x000001bc64839000 6461       3       java.lang.reflect.Field::getFieldAccessor (35 bytes)
Event: 15.543 Thread 0x000001bc64839000 nmethod 6461 0x000001bc4f2a3410 code [0x000001bc4f2a35e0, 0x000001bc4f2a37c8]
Event: 15.543 Thread 0x000001bc64839000 6463       3       jdk.internal.reflect.UnsafeFieldAccessorImpl::ensureObj (23 bytes)
Event: 15.544 Thread 0x000001bc64839000 nmethod 6463 0x000001bc4f2a3890 code [0x000001bc4f2a3aa0, 0x000001bc4f2a4118]
Event: 15.544 Thread 0x000001bc64839000 6465       3       java.lang.reflect.Field::set (30 bytes)
Event: 15.544 Thread 0x000001bc64839000 nmethod 6465 0x000001bc4f2a4390 code [0x000001bc4f2a45a0, 0x000001bc4f2a4b18]
Event: 15.544 Thread 0x000001bc64839000 6467       3       com.google.gson.internal.bind.ReflectiveTypeAdapterFactory$1::read (30 bytes)
Event: 15.545 Thread 0x000001bc64839000 nmethod 6467 0x000001bc4f2a4d10 code [0x000001bc4f2a4f20, 0x000001bc4f2a5388]
Event: 15.545 Thread 0x000001bc64839000 6466       3       com.google.gson.stream.JsonReader::nextName (117 bytes)
Event: 15.546 Thread 0x000001bc64839000 nmethod 6466 0x000001bc4f2a5510 code [0x000001bc4f2a5820, 0x000001bc4f2a6868]
Event: 15.546 Thread 0x000001bc64839000 6471       3       jdk.internal.reflect.UnsafeQualifiedObjectFieldAccessorImpl::set (56 bytes)
Event: 15.547 Thread 0x000001bc64839000 nmethod 6471 0x000001bc4f2a6d10 code [0x000001bc4f2a7020, 0x000001bc4f2a8308]
Event: 15.547 Thread 0x000001bc64839000 6468       3       com.google.gson.stream.JsonReader::nextString (198 bytes)

GC Heap History (20 events):
Event: 1.941 GC heap before
{Heap before GC invocations=2 (full 0):
 garbage-first heap   total 129024K, used 38036K [0x0000000080000000, 0x0000000100000000)
  region size 1024K, 30 young (30720K), 2 survivors (2048K)
 Metaspace       used 10861K, capacity 11073K, committed 11264K, reserved 1058816K
  class space    used 1130K, capacity 1207K, committed 1280K, reserved 1048576K
}
Event: 1.944 GC heap after
{Heap after GC invocations=3 (full 0):
 garbage-first heap   total 129024K, used 11982K [0x0000000080000000, 0x0000000100000000)
  region size 1024K, 4 young (4096K), 4 survivors (4096K)
 Metaspace       used 10861K, capacity 11073K, committed 11264K, reserved 1058816K
  class space    used 1130K, capacity 1207K, committed 1280K, reserved 1048576K
}
Event: 3.764 GC heap before
{Heap before GC invocations=3 (full 0):
 garbage-first heap   total 129024K, used 60110K [0x0000000080000000, 0x0000000100000000)
  region size 1024K, 51 young (52224K), 4 survivors (4096K)
 Metaspace       used 18147K, capacity 18485K, committed 18688K, reserved 1064960K
  class space    used 2155K, capacity 2274K, committed 2304K, reserved 1048576K
}
Event: 3.772 GC heap after
{Heap after GC invocations=4 (full 0):
 garbage-first heap   total 129024K, used 16329K [0x0000000080000000, 0x0000000100000000)
  region size 1024K, 7 young (7168K), 7 survivors (7168K)
 Metaspace       used 18147K, capacity 18485K, committed 18688K, reserved 1064960K
  class space    used 2155K, capacity 2274K, committed 2304K, reserved 1048576K
}
Event: 4.125 GC heap before
{Heap before GC invocations=4 (full 0):
 garbage-first heap   total 129024K, used 38857K [0x0000000080000000, 0x0000000100000000)
  region size 1024K, 31 young (31744K), 7 survivors (7168K)
 Metaspace       used 20765K, capacity 21138K, committed 21248K, reserved 1067008K
  class space    used 2549K, capacity 2711K, committed 2816K, reserved 1048576K
}
Event: 4.133 GC heap after
{Heap after GC invocations=5 (full 0):
 garbage-first heap   total 129024K, used 17135K [0x0000000080000000, 0x0000000100000000)
  region size 1024K, 6 young (6144K), 6 survivors (6144K)
 Metaspace       used 20765K, capacity 21138K, committed 21248K, reserved 1067008K
  class space    used 2549K, capacity 2711K, committed 2816K, reserved 1048576K
}
Event: 5.151 GC heap before
{Heap before GC invocations=6 (full 0):
 garbage-first heap   total 129024K, used 68335K [0x0000000080000000, 0x0000000100000000)
  region size 1024K, 56 young (57344K), 6 survivors (6144K)
 Metaspace       used 26074K, capacity 26617K, committed 26752K, reserved 1073152K
  class space    used 3374K, capacity 3585K, committed 3712K, reserved 1048576K
}
Event: 5.159 GC heap after
{Heap after GC invocations=7 (full 0):
 garbage-first heap   total 129024K, used 19105K [0x0000000080000000, 0x0000000100000000)
  region size 1024K, 3 young (3072K), 3 survivors (3072K)
 Metaspace       used 26074K, capacity 26617K, committed 26752K, reserved 1073152K
  class space    used 3374K, capacity 3585K, committed 3712K, reserved 1048576K
}
Event: 6.030 GC heap before
{Heap before GC invocations=7 (full 0):
 garbage-first heap   total 129024K, used 73377K [0x0000000080000000, 0x0000000100000000)
  region size 1024K, 56 young (57344K), 3 survivors (3072K)
 Metaspace       used 31534K, capacity 32198K, committed 32384K, reserved 1077248K
  class space    used 4221K, capacity 4473K, committed 4480K, reserved 1048576K
}
Event: 6.039 GC heap after
{Heap after GC invocations=8 (full 0):
 garbage-first heap   total 155648K, used 20598K [0x0000000080000000, 0x0000000100000000)
  region size 1024K, 5 young (5120K), 5 survivors (5120K)
 Metaspace       used 31534K, capacity 32198K, committed 32384K, reserved 1077248K
  class space    used 4221K, capacity 4473K, committed 4480K, reserved 1048576K
}
Event: 6.422 GC heap before
{Heap before GC invocations=8 (full 0):
 garbage-first heap   total 155648K, used 28790K [0x0000000080000000, 0x0000000100000000)
  region size 1024K, 14 young (14336K), 5 survivors (5120K)
 Metaspace       used 34945K, capacity 35786K, committed 35840K, reserved 1081344K
  class space    used 4532K, capacity 4839K, committed 4864K, reserved 1048576K
}
Event: 6.435 GC heap after
{Heap after GC invocations=9 (full 0):
 garbage-first heap   total 155648K, used 22169K [0x0000000080000000, 0x0000000100000000)
  region size 1024K, 6 young (6144K), 6 survivors (6144K)
 Metaspace       used 34945K, capacity 35786K, committed 35840K, reserved 1081344K
  class space    used 4532K, capacity 4839K, committed 4864K, reserved 1048576K
}
Event: 7.516 GC heap before
{Heap before GC invocations=10 (full 0):
 garbage-first heap   total 155648K, used 89753K [0x0000000080000000, 0x0000000100000000)
  region size 1024K, 70 young (71680K), 6 survivors (6144K)
 Metaspace       used 39951K, capacity 40847K, committed 41036K, reserved 1085440K
  class space    used 5109K, capacity 5434K, committed 5504K, reserved 1048576K
}
Event: 7.530 GC heap after
{Heap after GC invocations=11 (full 0):
 garbage-first heap   total 155648K, used 27354K [0x0000000080000000, 0x0000000100000000)
  region size 1024K, 9 young (9216K), 9 survivors (9216K)
 Metaspace       used 39951K, capacity 40847K, committed 41036K, reserved 1085440K
  class space    used 5109K, capacity 5434K, committed 5504K, reserved 1048576K
}
Event: 9.193 GC heap before
{Heap before GC invocations=11 (full 0):
 garbage-first heap   total 155648K, used 96986K [0x0000000080000000, 0x0000000100000000)
  region size 1024K, 76 young (77824K), 9 survivors (9216K)
 Metaspace       used 46262K, capacity 47354K, committed 47564K, reserved 1091584K
  class space    used 5947K, capacity 6358K, committed 6400K, reserved 1048576K
}
Event: 9.212 GC heap after
{Heap after GC invocations=12 (full 0):
 garbage-first heap   total 155648K, used 29492K [0x0000000080000000, 0x0000000100000000)
  region size 1024K, 3 young (3072K), 3 survivors (3072K)
 Metaspace       used 46262K, capacity 47354K, committed 47564K, reserved 1091584K
  class space    used 5947K, capacity 6358K, committed 6400K, reserved 1048576K
}
Event: 12.506 GC heap before
{Heap before GC invocations=12 (full 0):
 garbage-first heap   total 155648K, used 113460K [0x0000000080000000, 0x0000000100000000)
  region size 1024K, 82 young (83968K), 3 survivors (3072K)
 Metaspace       used 51191K, capacity 52464K, committed 52556K, reserved 1095680K
  class space    used 6529K, capacity 7022K, committed 7040K, reserved 1048576K
}
Event: 12.519 GC heap after
{Heap after GC invocations=13 (full 0):
 garbage-first heap   total 187392K, used 42709K [0x0000000080000000, 0x0000000100000000)
  region size 1024K, 11 young (11264K), 11 survivors (11264K)
 Metaspace       used 51191K, capacity 52464K, committed 52556K, reserved 1095680K
  class space    used 6529K, capacity 7022K, committed 7040K, reserved 1048576K
}
Event: 14.332 GC heap before
{Heap before GC invocations=13 (full 0):
 garbage-first heap   total 187392K, used 92885K [0x0000000080000000, 0x0000000100000000)
  region size 1024K, 61 young (62464K), 11 survivors (11264K)
 Metaspace       used 58821K, capacity 60196K, committed 60288K, reserved 1101824K
  class space    used 7483K, capacity 8016K, committed 8064K, reserved 1048576K
}
Event: 14.359 GC heap after
{Heap after GC invocations=14 (full 0):
 garbage-first heap   total 187392K, used 45243K [0x0000000080000000, 0x0000000100000000)
  region size 1024K, 3 young (3072K), 3 survivors (3072K)
 Metaspace       used 58821K, capacity 60196K, committed 60288K, reserved 1101824K
  class space    used 7483K, capacity 8016K, committed 8064K, reserved 1048576K
}

Deoptimization events (20 events):
Event: 15.199 Thread 0x000001bc67319000 DEOPT PACKING pc=0x000001bc55e01f6c sp=0x0000003bd7ef5c70
Event: 15.199 Thread 0x000001bc67319000 DEOPT UNPACKING pc=0x000001bc4dfea1af sp=0x0000003bd7ef5c40 mode 2
Event: 15.385 Thread 0x000001bc67319000 Uncommon trap: trap_request=0xffffff4d fr.pc=0x000001bc55c8d89c relative=0x000000000000033c
Event: 15.385 Thread 0x000001bc67319000 Uncommon trap: reason=unstable_if action=reinterpret pc=0x000001bc55c8d89c method=org.gradle.internal.reflect.PropertyAccessorType.of(Ljava/lang/reflect/Method;)Lorg/gradle/internal/reflect/PropertyAccessorType; @ 56 c2
Event: 15.385 Thread 0x000001bc67319000 DEOPT PACKING pc=0x000001bc55c8d89c sp=0x0000003bd7ef7240
Event: 15.385 Thread 0x000001bc67319000 DEOPT UNPACKING pc=0x000001bc4dfea1af sp=0x0000003bd7ef7200 mode 2
Event: 15.464 Thread 0x000001bc67319000 Uncommon trap: trap_request=0xffffff4d fr.pc=0x000001bc55df62d0 relative=0x0000000000000130
Event: 15.464 Thread 0x000001bc67319000 Uncommon trap: reason=unstable_if action=reinterpret pc=0x000001bc55df62d0 method=org.objectweb.asm.ByteVector.putByteArray([BII)Lorg/objectweb/asm/ByteVector; @ 20 c2
Event: 15.464 Thread 0x000001bc67319000 DEOPT PACKING pc=0x000001bc55df62d0 sp=0x0000003bd7ef5de0
Event: 15.464 Thread 0x000001bc67319000 DEOPT UNPACKING pc=0x000001bc4dfea1af sp=0x0000003bd7ef5db0 mode 2
Event: 15.464 Thread 0x000001bc67319000 Uncommon trap: trap_request=0xffffff4d fr.pc=0x000001bc55db4bdc relative=0x0000000000000afc
Event: 15.464 Thread 0x000001bc67319000 Uncommon trap: reason=unstable_if action=reinterpret pc=0x000001bc55db4bdc method=org.objectweb.asm.Label.resolve([BI)Z @ 80 c2
Event: 15.464 Thread 0x000001bc67319000 DEOPT PACKING pc=0x000001bc55db4bdc sp=0x0000003bd7ef5e00
Event: 15.464 Thread 0x000001bc67319000 DEOPT UNPACKING pc=0x000001bc4dfea1af sp=0x0000003bd7ef5d20 mode 2
Event: 15.464 Thread 0x000001bc67319000 Uncommon trap: trap_request=0xffffff4d fr.pc=0x000001bc55d962a4 relative=0x0000000000000204
Event: 15.464 Thread 0x000001bc67319000 Uncommon trap: reason=unstable_if action=reinterpret pc=0x000001bc55d962a4 method=org.objectweb.asm.Label.resolve([BI)Z @ 80 c2
Event: 15.464 Thread 0x000001bc67319000 DEOPT PACKING pc=0x000001bc55d962a4 sp=0x0000003bd7ef5d90
Event: 15.464 Thread 0x000001bc67319000 DEOPT UNPACKING pc=0x000001bc4dfea1af sp=0x0000003bd7ef5d10 mode 2
Event: 15.466 Thread 0x000001bc67319000 DEOPT PACKING pc=0x000001bc4ed3da71 sp=0x0000003bd7ef5fe0
Event: 15.466 Thread 0x000001bc67319000 DEOPT UNPACKING pc=0x000001bc4dfea95e sp=0x0000003bd7ef54d8 mode 0

Classes redefined (0 events):
No events

Internal exceptions (20 events):
Event: 12.434 Thread 0x000001bc67319000 Exception <a 'java/lang/NoSuchMethodError'{0x000000008492b760}: 'java.lang.Object java.lang.invoke.Invokers$Holder.linkToTargetMethod(java.lang.Object, java.lang.Object, java.lang.Object, int, java.lang.Object)'> (0x000000008492b760) thrown at [./src/hotspot/share/interpreter/linkResolver.cpp, line 773]
Event: 12.975 Thread 0x000001bc67319000 Exception <a 'java/lang/NoSuchMethodError'{0x000000008ab820d0}: 'java.lang.Object java.lang.invoke.DirectMethodHandle$Holder.invokeSpecial(java.lang.Object, java.lang.Object, int, int, java.lang.Object, java.lang.Object, java.lang.Object)'> (0x000000008ab820d0) thrown at [./src/hotspot/share/interpreter/linkResolver.cpp, line 773]
Event: 12.975 Thread 0x000001bc67319000 Exception <a 'java/lang/NoSuchMethodError'{0x000000008ab86650}: 'java.lang.Object java.lang.invoke.DelegatingMethodHandle$Holder.reinvoke_L(java.lang.Object, int, int, java.lang.Object, java.lang.Object, java.lang.Object)'> (0x000000008ab86650) thrown at [./src/hotspot/share/interpreter/linkResolver.cpp, line 773]
Event: 13.445 Thread 0x000001bc67319000 Exception <a 'java/lang/NoSuchMethodError'{0x0000000089ff3128}: 'int java.lang.invoke.DirectMethodHandle$Holder.invokeInterface(java.lang.Object, java.lang.Object, java.lang.Object, java.lang.Object)'> (0x0000000089ff3128) thrown at [./src/hotspot/share/interpreter/linkResolver.cpp, line 773]
Event: 13.984 Thread 0x000001bc67319000 Exception <a 'java/lang/NoSuchMethodError'{0x0000000088e5f770}: 'void java.lang.invoke.DirectMethodHandle$Holder.invokeInterface(java.lang.Object, java.lang.Object, java.lang.Object, java.lang.Object)'> (0x0000000088e5f770) thrown at [./src/hotspot/share/interpreter/linkResolver.cpp, line 773]
Event: 14.240 Thread 0x000001bc67319000 Exception <a 'java/lang/IncompatibleClassChangeError'{0x00000000886f2d18}: Found class java.lang.Object, but interface was expected> (0x00000000886f2d18) thrown at [./src/hotspot/share/interpreter/linkResolver.cpp, line 839]
Event: 14.441 Thread 0x000001bc67319000 Implicit null exception at 0x000001bc55d9abd4 to 0x000001bc55d9adb8
Event: 14.441 Thread 0x000001bc67319000 Implicit null exception at 0x000001bc55d60452 to 0x000001bc55d60de8
Event: 14.558 Thread 0x000001bc67319000 Implicit null exception at 0x000001bc55beb18b to 0x000001bc55beb264
Event: 14.643 Thread 0x000001bc67319000 Implicit null exception at 0x000001bc55be272c to 0x000001bc55be28da
Event: 14.813 Thread 0x000001bc67319000 Exception <a 'sun/nio/fs/WindowsException'{0x000000008a180bf0}> (0x000000008a180bf0) thrown at [./src/hotspot/share/prims/jni.cpp, line 615]
Event: 15.250 Thread 0x000001bc67319000 Exception <a 'java/lang/ClassNotFoundException'{0x0000000088952c48}: org/gradle/api/plugins/internal/DefaultBasePluginConventionBeanInfo> (0x0000000088952c48) thrown at [./src/hotspot/share/classfile/systemDictionary.cpp, line 231]
Event: 15.251 Thread 0x000001bc67319000 Exception <a 'java/lang/ClassNotFoundException'{0x000000008898e540}: org/gradle/api/plugins/BasePluginConventionBeanInfo> (0x000000008898e540) thrown at [./src/hotspot/share/classfile/systemDictionary.cpp, line 231]
Event: 15.252 Thread 0x000001bc67319000 Exception <a 'java/lang/ClassNotFoundException'{0x00000000889c9db8}: org/gradle/api/plugins/BasePluginConventionCustomizer> (0x00000000889c9db8) thrown at [./src/hotspot/share/classfile/systemDictionary.cpp, line 231]
Event: 15.254 Thread 0x000001bc67319000 Exception <a 'java/lang/ClassNotFoundException'{0x0000000088817010}: org/gradle/api/plugins/internal/DefaultBasePluginConventionCustomizer> (0x0000000088817010) thrown at [./src/hotspot/share/classfile/systemDictionary.cpp, line 231]
Event: 15.258 Thread 0x000001bc67319000 Exception <a 'java/lang/ClassNotFoundException'{0x0000000088896ac0}: org/gradle/api/plugins/internal/DefaultJavaPluginConventionBeanInfo> (0x0000000088896ac0) thrown at [./src/hotspot/share/classfile/systemDictionary.cpp, line 231]
Event: 15.259 Thread 0x000001bc67319000 Exception <a 'java/lang/ClassNotFoundException'{0x00000000888d2140}: org/gradle/api/plugins/JavaPluginConventionBeanInfo> (0x00000000888d2140) thrown at [./src/hotspot/share/classfile/systemDictionary.cpp, line 231]
Event: 15.260 Thread 0x000001bc67319000 Exception <a 'java/lang/ClassNotFoundException'{0x000000008870de90}: org/gradle/api/plugins/JavaPluginConventionCustomizer> (0x000000008870de90) thrown at [./src/hotspot/share/classfile/systemDictionary.cpp, line 231]
Event: 15.262 Thread 0x000001bc67319000 Exception <a 'java/lang/ClassNotFoundException'{0x0000000088764818}: org/gradle/api/plugins/internal/DefaultJavaPluginConventionCustomizer> (0x0000000088764818) thrown at [./src/hotspot/share/classfile/systemDictionary.cpp, line 231]
Event: 15.464 Thread 0x000001bc67319000 Implicit null exception at 0x000001bc55df61e6 to 0x000001bc55df62b0

Events (20 events):
Event: 15.524 loading class com/google/gson/internal/UnsafeAllocator$4
Event: 15.524 loading class com/google/gson/internal/UnsafeAllocator$4 done
Event: 15.525 loading class com/google/gson/internal/ConstructorConstructor$8
Event: 15.525 loading class com/google/gson/internal/ConstructorConstructor$8 done
Event: 15.526 loading class com/android/tools/build/jetifier/core/rule/RewriteRule$JsonData
Event: 15.526 loading class com/android/tools/build/jetifier/core/rule/RewriteRule$JsonData done
Event: 15.527 loading class com/android/tools/build/jetifier/core/PackageMap$PackageRule$JsonData
Event: 15.527 loading class com/android/tools/build/jetifier/core/PackageMap$PackageRule$JsonData done
Event: 15.528 loading class com/android/tools/build/jetifier/core/pom/PomRewriteRule$JsonData
Event: 15.528 loading class com/android/tools/build/jetifier/core/pom/PomRewriteRule$JsonData done
Event: 15.529 loading class com/android/tools/build/jetifier/core/pom/PomDependency
Event: 15.529 loading class com/android/tools/build/jetifier/core/pom/PomDependency done
Event: 15.531 loading class com/google/gson/internal/ConstructorConstructor$11
Event: 15.531 loading class com/google/gson/internal/ConstructorConstructor$11 done
Event: 15.544 loading class com/google/gson/internal/LinkedTreeMap
Event: 15.544 loading class com/google/gson/internal/LinkedTreeMap done
Event: 15.545 loading class com/google/gson/internal/LinkedTreeMap$1
Event: 15.545 loading class com/google/gson/internal/LinkedTreeMap$1 done
Event: 15.546 loading class com/google/gson/internal/LinkedTreeMap$Node
Event: 15.546 loading class com/google/gson/internal/LinkedTreeMap$Node done


Dynamic libraries:
0x00007ff7636b0000 - 0x00007ff7636ba000 	C:\Program Files\Android\Android Studio\jre\bin\java.exe
0x00007ffcade30000 - 0x00007ffcae025000 	C:\Windows\SYSTEM32\ntdll.dll
0x00007ffcac0b0000 - 0x00007ffcac16d000 	C:\Windows\System32\KERNEL32.DLL
0x00007ffcab8d0000 - 0x00007ffcabb9d000 	C:\Windows\System32\KERNELBASE.dll
0x00007ffcab710000 - 0x00007ffcab810000 	C:\Windows\System32\ucrtbase.dll
0x00007ffca6880000 - 0x00007ffca6897000 	C:\Program Files\Android\Android Studio\jre\bin\VCRUNTIME140.dll
0x00007ffc98dc0000 - 0x00007ffc98dd9000 	C:\Program Files\Android\Android Studio\jre\bin\jli.dll
0x00007ffcadbd0000 - 0x00007ffcadd70000 	C:\Windows\System32\USER32.dll
0x00007ffcabc40000 - 0x00007ffcabc62000 	C:\Windows\System32\win32u.dll
0x00007ffc9a840000 - 0x00007ffc9aada000 	C:\Windows\WinSxS\amd64_microsoft.windows.common-controls_6595b64144ccf1df_6.0.19041.1110_none_60b5254171f9507e\COMCTL32.dll
0x00007ffcad710000 - 0x00007ffcad73a000 	C:\Windows\System32\GDI32.dll
0x00007ffcadb30000 - 0x00007ffcadbce000 	C:\Windows\System32\msvcrt.dll
0x00007ffcab5b0000 - 0x00007ffcab6bb000 	C:\Windows\System32\gdi32full.dll
0x00007ffcabba0000 - 0x00007ffcabc3d000 	C:\Windows\System32\msvcp_win.dll
0x00007ffcabe80000 - 0x00007ffcabeb0000 	C:\Windows\System32\IMM32.DLL
0x00007ffc975b0000 - 0x00007ffc9764d000 	C:\Program Files\Android\Android Studio\jre\bin\msvcp140.dll
0x00007ffc5cb20000 - 0x00007ffc5d605000 	C:\Program Files\Android\Android Studio\jre\bin\server\jvm.dll
0x00007ffcad060000 - 0x00007ffcad10e000 	C:\Windows\System32\ADVAPI32.dll
0x00007ffcac6b0000 - 0x00007ffcac74c000 	C:\Windows\System32\sechost.dll
0x00007ffcabeb0000 - 0x00007ffcabfd5000 	C:\Windows\System32\RPCRT4.dll
0x00007ffcad6a0000 - 0x00007ffcad6a8000 	C:\Windows\System32\PSAPI.DLL
0x00007ffc9edc0000 - 0x00007ffc9ede7000 	C:\Windows\SYSTEM32\WINMM.dll
0x00007ffc93a50000 - 0x00007ffc93a59000 	C:\Windows\SYSTEM32\WSOCK32.dll
0x00007ffcadd70000 - 0x00007ffcadddb000 	C:\Windows\System32\WS2_32.dll
0x00007ffca3c60000 - 0x00007ffca3c6a000 	C:\Windows\SYSTEM32\VERSION.dll
0x00007ffca9dd0000 - 0x00007ffca9de2000 	C:\Windows\SYSTEM32\kernel.appcore.dll
0x00007ffca6f00000 - 0x00007ffca6f11000 	C:\Program Files\Android\Android Studio\jre\bin\verify.dll
0x00007ffca8b30000 - 0x00007ffca8d14000 	C:\Windows\SYSTEM32\DBGHELP.DLL
0x00007ffca2840000 - 0x00007ffca286c000 	C:\Windows\SYSTEM32\dbgcore.DLL
0x00007ffcab810000 - 0x00007ffcab892000 	C:\Windows\System32\bcryptPrimitives.dll
0x00007ffc8a4a0000 - 0x00007ffc8a4c9000 	C:\Program Files\Android\Android Studio\jre\bin\java.dll
0x00007ffc9edb0000 - 0x00007ffc9edbb000 	C:\Program Files\Android\Android Studio\jre\bin\jimage.dll
0x00007ffc8a160000 - 0x00007ffc8a178000 	C:\Program Files\Android\Android Studio\jre\bin\zip.dll
0x00007ffcac910000 - 0x00007ffcad054000 	C:\Windows\System32\SHELL32.dll
0x00007ffca9620000 - 0x00007ffca9db4000 	C:\Windows\SYSTEM32\windows.storage.dll
0x00007ffcac350000 - 0x00007ffcac6a4000 	C:\Windows\System32\combase.dll
0x00007ffcaaed0000 - 0x00007ffcaaefc000 	C:\Windows\SYSTEM32\Wldp.dll
0x00007ffcac2a0000 - 0x00007ffcac34d000 	C:\Windows\System32\SHCORE.dll
0x00007ffcad590000 - 0x00007ffcad5e5000 	C:\Windows\System32\shlwapi.dll
0x00007ffcab480000 - 0x00007ffcab49f000 	C:\Windows\SYSTEM32\profapi.dll
0x00007ffc89df0000 - 0x00007ffc89e0a000 	C:\Program Files\Android\Android Studio\jre\bin\net.dll
0x00007ffca1900000 - 0x00007ffca1a0a000 	C:\Windows\SYSTEM32\WINHTTP.dll
0x00007ffcaac30000 - 0x00007ffcaac9a000 	C:\Windows\system32\mswsock.dll
0x00007ffc89dd0000 - 0x00007ffc89de4000 	C:\Program Files\Android\Android Studio\jre\bin\nio.dll
0x00007ffc87700000 - 0x00007ffc87727000 	C:\Users\DEll\.gradle\native\e1d6ef7f7dcc3fd88c89a11ec53ec762bb8ba0a96d01ffa2cd45eb1d1d8dd5c5\windows-amd64\native-platform.dll
0x00007ffc7ce60000 - 0x00007ffc7cfa4000 	C:\Users\DEll\.gradle\native\5664cfc778a61ccfe75a443a1ab52a65af34e5dc3c78e0209fed803814484fcb\windows-amd64\native-platform-file-events.dll
0x00007ffc9ec40000 - 0x00007ffc9ec4a000 	C:\Program Files\Android\Android Studio\jre\bin\management.dll
0x00007ffc98f40000 - 0x00007ffc98f4d000 	C:\Program Files\Android\Android Studio\jre\bin\management_ext.dll
0x00007ffcaae20000 - 0x00007ffcaae38000 	C:\Windows\SYSTEM32\CRYPTSP.dll
0x00007ffcaa5b0000 - 0x00007ffcaa5e4000 	C:\Windows\system32\rsaenh.dll
0x00007ffcab8a0000 - 0x00007ffcab8c7000 	C:\Windows\System32\bcrypt.dll
0x00007ffcab400000 - 0x00007ffcab42e000 	C:\Windows\SYSTEM32\USERENV.dll
0x00007ffcaae40000 - 0x00007ffcaae4c000 	C:\Windows\SYSTEM32\CRYPTBASE.dll
0x00007ffcaa920000 - 0x00007ffcaa95b000 	C:\Windows\SYSTEM32\IPHLPAPI.DLL
0x00007ffcadde0000 - 0x00007ffcadde8000 	C:\Windows\System32\NSI.dll
0x00007ffca1500000 - 0x00007ffca1517000 	C:\Windows\SYSTEM32\dhcpcsvc6.DLL
0x00007ffca27b0000 - 0x00007ffca27cd000 	C:\Windows\SYSTEM32\dhcpcsvc.DLL
0x00007ffcaa960000 - 0x00007ffcaaa2b000 	C:\Windows\SYSTEM32\DNSAPI.dll

dbghelp: loaded successfully - version: 4.0.5 - missing functions: none
symbol engine: initialized successfully - sym options: 0x614 - pdb path: .;C:\Program Files\Android\Android Studio\jre\bin;C:\Windows\SYSTEM32;C:\Windows\WinSxS\amd64_microsoft.windows.common-controls_6595b64144ccf1df_6.0.19041.1110_none_60b5254171f9507e;C:\Program Files\Android\Android Studio\jre\bin\server;C:\Users\DEll\.gradle\native\e1d6ef7f7dcc3fd88c89a11ec53ec762bb8ba0a96d01ffa2cd45eb1d1d8dd5c5\windows-amd64;C:\Users\DEll\.gradle\native\5664cfc778a61ccfe75a443a1ab52a65af34e5dc3c78e0209fed803814484fcb\windows-amd64

VM Arguments:
jvm_args: --add-opens=java.base/java.util=ALL-UNNAMED --add-opens=java.base/java.lang=ALL-UNNAMED --add-opens=java.base/java.lang.invoke=ALL-UNNAMED --add-opens=java.base/java.util=ALL-UNNAMED --add-opens=java.prefs/java.util.prefs=ALL-UNNAMED --add-opens=java.prefs/java.util.prefs=ALL-UNNAMED --add-opens=java.base/java.nio.charset=ALL-UNNAMED --add-opens=java.base/java.net=ALL-UNNAMED --add-opens=java.base/java.util.concurrent.atomic=ALL-UNNAMED -Xmx2048m -Dfile.encoding=UTF-8 -Duser.country=US -Duser.language=en -Duser.variant 
java_command: org.gradle.launcher.daemon.bootstrap.GradleDaemon 7.3.3
java_class_path (initial): C:\Users\DEll\.gradle\wrapper\dists\gradle-7.3.3-bin\6a41zxkdtcxs8rphpq6y0069z\gradle-7.3.3\lib\gradle-launcher-7.3.3.jar
Launcher Type: SUN_STANDARD

[Global flags]
     intx CICompilerCount                          = 3                                         {product} {ergonomic}
     uint ConcGCThreads                            = 1                                         {product} {ergonomic}
     uint G1ConcRefinementThreads                  = 4                                         {product} {ergonomic}
   size_t G1HeapRegionSize                         = 1048576                                   {product} {ergonomic}
    uintx GCDrainStackTargetSize                   = 64                                        {product} {ergonomic}
   size_t InitialHeapSize                          = 132120576                                 {product} {ergonomic}
   size_t MarkStackSize                            = 4194304                                   {product} {ergonomic}
   size_t MaxHeapSize                              = 2147483648                                {product} {command line}
   size_t MaxNewSize                               = 1287651328                                {product} {ergonomic}
   size_t MinHeapDeltaBytes                        = 1048576                                   {product} {ergonomic}
    uintx NonNMethodCodeHeapSize                   = 5830732                                {pd product} {ergonomic}
    uintx NonProfiledCodeHeapSize                  = 122913754                              {pd product} {ergonomic}
    uintx ProfiledCodeHeapSize                     = 122913754                              {pd product} {ergonomic}
    uintx ReservedCodeCacheSize                    = 251658240                              {pd product} {ergonomic}
     bool SegmentedCodeCache                       = true                                      {product} {ergonomic}
     bool UseCompressedClassPointers               = true                                 {lp64_product} {ergonomic}
     bool UseCompressedOops                        = true                                 {lp64_product} {ergonomic}
     bool UseG1GC                                  = true                                      {product} {ergonomic}
     bool UseLargePagesIndividualAllocation        = false                                  {pd product} {ergonomic}

Logging:
Log output configuration:
 #0: stdout all=warning uptime,level,tags
 #1: stderr all=off uptime,level,tags

Environment Variables:
PATH=C:\Program Files\Common Files\Oracle\Java\javapath;C:\Windows\system32;C:\Windows;C:\Windows\System32\Wbem;C:\Windows\System32\WindowsPowerShell\v1.0\;C:\Windows\System32\OpenSSH\;C:\Program Files\Microsoft SQL Server\150\Tools\Binn\;C:\Program Files\Git\cmd;C:\Program Files\Microsoft SQL Server\Client SDK\ODBC\170\Tools\Binn\;C:\Program Files\dotnet\;C:\Users\DEll\AppData\Local\Microsoft\WindowsApps;C:\flutter\bin;;C:\Users\DEll\AppData\Local\Programs\Microsoft VS Code\bin;C:\Users\DEll\.dotnet\tools
USERNAME=DEll
OS=Windows_NT
PROCESSOR_IDENTIFIER=Intel64 Family 6 Model 78 Stepping 3, GenuineIntel



---------------  S Y S T E M  ---------------

OS: Windows 10 , 64 bit Build 19041 (10.0.19041.1706)
OS uptime: 8 days 21:45 hours

CPU:total 4 (initial active 4) (2 cores per cpu, 2 threads per core) family 6 model 78 stepping 3 microcode 0xcc, cmov, cx8, fxsr, mmx, sse, sse2, sse3, ssse3, sse4.1, sse4.2, popcnt, avx, avx2, aes, clmul, erms, rtm, 3dnowpref, lzcnt, ht, tsc, tscinvbit, bmi1, bmi2, adx, fma

Memory: 4k page, system-wide physical 8000M (402M free)
TotalPageFile size 23455M (AvailPageFile size 5M)
current process WorkingSet (physical memory assigned to process): 362M, peak: 362M
current process commit charge ("private bytes"): 410M, peak: 411M

vm_info: OpenJDK 64-Bit Server VM (11.0.12+7-b1504.28-7817840) for windows-amd64 JRE (11.0.12+7-b1504.28-7817840), built on Oct 13 2021 22:12:33 by "builder" with MS VC++ 14.0 (VS2015)

END.
